<?xml version="1.0" encoding="UTF-8"?>
<testsuite name="marytts.TextToAllophonesConverterTest" tests="1" skipped="0" failures="0" errors="0" timestamp="2016-04-14T15:59:34" hostname="nataniel-notebook" time="0.113">
  <properties/>
  <testcase name="testConvert[0](hello, &lt;?xml version=&quot;1.0&quot; encoding=&quot;UTF-8&quot;?&gt;&#10;            &lt;maryxml xmlns=&quot;http://mary.dfki.de/2002/MaryXML&quot; xmlns:xsi=&quot;http://www.w3.org/2001/XMLSchema-instance&quot; version=&quot;0.5&quot;&#10;         xml:lang=&quot;en-US&quot;&gt;&#10;            &lt;p&gt;&#10;                &lt;s&gt;&#10;                    &lt;phrase&gt;&#10;                        &lt;t accent=&quot;!H*&quot; g2p_method=&quot;lexicon&quot; ph=&quot;h @ - ' l @U&quot; pos=&quot;UH&quot;&gt;&#10;                            hello&#10;                            &lt;syllable ph=&quot;h @&quot;&gt;&#10;                                &lt;ph p=&quot;h&quot;/&gt;&#10;                                &lt;ph p=&quot;@&quot;/&gt;&#10;                            &lt;/syllable&gt;&#10;                            &lt;syllable accent=&quot;!H*&quot; ph=&quot;l @U&quot; stress=&quot;1&quot;&gt;&#10;                                &lt;ph p=&quot;l&quot;/&gt;&#10;                                &lt;ph p=&quot;@U&quot;/&gt;&#10;                            &lt;/syllable&gt;&#10;                        &lt;/t&gt;&#10;                        &lt;boundary breakindex=&quot;5&quot; tone=&quot;L-L%&quot;/&gt;&#10;                    &lt;/phrase&gt;&#10;                &lt;/s&gt;&#10;            &lt;/p&gt;&#10;        &lt;/maryxml&gt;&#10;        )" classname="marytts.TextToAllophonesConverterTest" time="0.113"/>
  <system-out><![CDATA[]]></system-out>
  <system-err><![CDATA[]]></system-err>
</testsuite>
