<?xml version="1.0" encoding="UTF-8"?>
<testsuite name="marytts.voice.CmuSlt.ConfigTest" tests="6" skipped="0" failures="0" errors="0" timestamp="2016-04-14T15:56:52" hostname="nataniel-notebook" time="0.052">
  <properties/>
  <testcase name="hasVoiceConfigs" classname="marytts.voice.CmuSlt.ConfigTest" time="0.045"/>
  <testcase name="hasVoiceConfigs2" classname="marytts.voice.CmuSlt.ConfigTest" time="0.0"/>
  <testcase name="isVoiceConfig" classname="marytts.voice.CmuSlt.ConfigTest" time="0.002"/>
  <testcase name="canGetByName" classname="marytts.voice.CmuSlt.ConfigTest" time="0.001"/>
  <testcase name="isNotMainConfig" classname="marytts.voice.CmuSlt.ConfigTest" time="0.001"/>
  <testcase name="hasRightName" classname="marytts.voice.CmuSlt.ConfigTest" time="0.001"/>
  <system-out><![CDATA[]]></system-out>
  <system-err><![CDATA[]]></system-err>
</testsuite>
