<?xml version="1.0" encoding="UTF-8"?>
<testsuite name="de.dfki.mary.voicebuilding.BuildLogicFunctionalTest" tests="10" skipped="0" failures="0" errors="0" timestamp="2016-04-14T15:56:56" hostname="nataniel-notebook" time="32.892">
  <properties/>
  <testcase name="testConfigurations" classname="de.dfki.mary.voicebuilding.BuildLogicFunctionalTest" time="7.936"/>
  <testcase name="testGenerateAllophones" classname="de.dfki.mary.voicebuilding.BuildLogicFunctionalTest" time="12.135"/>
  <testcase name="testHelp" classname="de.dfki.mary.voicebuilding.BuildLogicFunctionalTest" time="0.341"/>
  <testcase name="testMaryJavaExec" classname="de.dfki.mary.voicebuilding.BuildLogicFunctionalTest" time="1.488"/>
  <testcase name="testPraatPitchmarker" classname="de.dfki.mary.voicebuilding.BuildLogicFunctionalTest" time="5.364"/>
  <testcase name="testSourceSets" classname="de.dfki.mary.voicebuilding.BuildLogicFunctionalTest" time="0.326"/>
  <testcase name="testDependencies" classname="de.dfki.mary.voicebuilding.BuildLogicFunctionalTest" time="0.28"/>
  <testcase name="testGenerateHalfPhoneFeatures" classname="de.dfki.mary.voicebuilding.BuildLogicFunctionalTest" time="1.606"/>
  <testcase name="testGeneratePhoneFeatures" classname="de.dfki.mary.voicebuilding.BuildLogicFunctionalTest" time="0.958"/>
  <testcase name="testMcepMaker" classname="de.dfki.mary.voicebuilding.BuildLogicFunctionalTest" time="2.424"/>
  <system-out><![CDATA[:testConfigurations

BUILD SUCCESSFUL

Total time: 7.461 secs

:processDataResources
Download http://festvox.org/examples/cmu_time_awb_ldom/packed/cmu_time_awb.tar.bz2
:processDataResources UP-TO-DATE
:text
:generateAllophones
Locale is null, overriding with de_DE
Locale is null, overriding with de_DE
Warning:  org.apache.xerces.jaxp.SAXParserImpl$JAXPSAXParser: Property 'http://www.oracle.com/xml/jaxp/properties/entityExpansionLimit' is not recognized.
Compiler-Warnungen:
  WARNING:  'org.apache.xerces.jaxp.SAXParserImpl: Property 'http://javax.xml.XMLConstants/property/accessExternalDTD' is not recognized.'
Warning:  org.apache.xerces.jaxp.SAXParserImpl$JAXPSAXParser: Property 'http://www.oracle.com/xml/jaxp/properties/entityExpansionLimit' is not recognized.
Compiler-Warnungen:
  WARNING:  'org.apache.xerces.jaxp.SAXParserImpl: Property 'http://javax.xml.XMLConstants/property/accessExternalDTD' is not recognized.'
Warning:  org.apache.xerces.jaxp.SAXParserImpl$JAXPSAXParser: Property 'http://www.oracle.com/xml/jaxp/properties/entityExpansionLimit' is not recognized.
Warning:  org.apache.xerces.jaxp.SAXParserImpl$JAXPSAXParser: Property 'http://www.oracle.com/xml/jaxp/properties/entityExpansionLimit' is not recognized.
Compiler-Warnungen:
  WARNING:  'org.apache.xerces.jaxp.SAXParserImpl: Property 'http://javax.xml.XMLConstants/property/accessExternalDTD' is not recognized.'
  WARNING:  'org.apache.xerces.jaxp.SAXParserImpl: Property 'http://javax.xml.XMLConstants/property/accessExternalDTD' is not recognized.'
Warning:  org.apache.xerces.jaxp.SAXParserImpl$JAXPSAXParser: Property 'http://www.oracle.com/xml/jaxp/properties/entityExpansionLimit' is not recognized.
Compiler-Warnungen:
  WARNING:  'org.apache.xerces.jaxp.SAXParserImpl: Property 'http://javax.xml.XMLConstants/property/accessExternalDTD' is not recognized.'
Warning:  org.apache.xerces.parsers.SAXParser: Feature 'http://javax.xml.XMLConstants/feature/secure-processing' is not recognized.
Warning:  org.apache.xerces.parsers.SAXParser: Property 'http://javax.xml.XMLConstants/property/accessExternalDTD' is not recognized.
Warning:  org.apache.xerces.parsers.SAXParser: Property 'http://www.oracle.com/xml/jaxp/properties/entityExpansionLimit' is not recognized.
Warning:  org.apache.xerces.parsers.SAXParser: Property 'http://javax.xml.XMLConstants/property/accessExternalDTD' is not recognized.
Warning:  org.apache.xerces.parsers.SAXParser: Property 'http://www.oracle.com/xml/jaxp/properties/entityExpansionLimit' is not recognized.
Warning:  org.apache.xerces.parsers.SAXParser: Property 'http://javax.xml.XMLConstants/property/accessExternalDTD' is not recognized.
Warning:  org.apache.xerces.parsers.SAXParser: Property 'http://www.oracle.com/xml/jaxp/properties/entityExpansionLimit' is not recognized.
Warning:  org.apache.xerces.parsers.SAXParser: Property 'http://javax.xml.XMLConstants/property/accessExternalDTD' is not recognized.
Warning:  org.apache.xerces.parsers.SAXParser: Property 'http://www.oracle.com/xml/jaxp/properties/entityExpansionLimit' is not recognized.
Warning:  org.apache.xerces.parsers.SAXParser: Property 'http://javax.xml.XMLConstants/property/accessExternalDTD' is not recognized.
Warning:  org.apache.xerces.parsers.SAXParser: Property 'http://www.oracle.com/xml/jaxp/properties/entityExpansionLimit' is not recognized.
Warning:  org.apache.xerces.parsers.SAXParser: Property 'http://javax.xml.XMLConstants/property/accessExternalDTD' is not recognized.
Warning:  org.apache.xerces.parsers.SAXParser: Property 'http://www.oracle.com/xml/jaxp/properties/entityExpansionLimit' is not recognized.
Warning:  org.apache.xerces.parsers.SAXParser: Property 'http://javax.xml.XMLConstants/property/accessExternalDTD' is not recognized.
Warning:  org.apache.xerces.parsers.SAXParser: Property 'http://www.oracle.com/xml/jaxp/properties/entityExpansionLimit' is not recognized.
Warning:  org.apache.xerces.parsers.SAXParser: Property 'http://javax.xml.XMLConstants/property/accessExternalDTD' is not recognized.
Warning:  org.apache.xerces.parsers.SAXParser: Property 'http://www.oracle.com/xml/jaxp/properties/entityExpansionLimit' is not recognized.
Warning:  org.apache.xerces.parsers.SAXParser: Property 'http://javax.xml.XMLConstants/property/accessExternalDTD' is not recognized.
Warning:  org.apache.xerces.parsers.SAXParser: Property 'http://www.oracle.com/xml/jaxp/properties/entityExpansionLimit' is not recognized.
Warning:  org.apache.xerces.parsers.SAXParser: Property 'http://javax.xml.XMLConstants/property/accessExternalDTD' is not recognized.
Warning:  org.apache.xerces.parsers.SAXParser: Property 'http://www.oracle.com/xml/jaxp/properties/entityExpansionLimit' is not recognized.
Warning:  org.apache.xerces.parsers.SAXParser: Property 'http://javax.xml.XMLConstants/property/accessExternalDTD' is not recognized.
Warning:  org.apache.xerces.parsers.SAXParser: Property 'http://www.oracle.com/xml/jaxp/properties/entityExpansionLimit' is not recognized.
Warning:  org.apache.xerces.parsers.SAXParser: Property 'http://javax.xml.XMLConstants/property/accessExternalDTD' is not recognized.
Warning:  org.apache.xerces.parsers.SAXParser: Property 'http://www.oracle.com/xml/jaxp/properties/entityExpansionLimit' is not recognized.
Warning:  org.apache.xerces.parsers.SAXParser: Property 'http://javax.xml.XMLConstants/property/accessExternalDTD' is not recognized.
Warning:  org.apache.xerces.parsers.SAXParser: Property 'http://www.oracle.com/xml/jaxp/properties/entityExpansionLimit' is not recognized.
Warning:  org.apache.xerces.parsers.SAXParser: Property 'http://javax.xml.XMLConstants/property/accessExternalDTD' is not recognized.
Warning:  org.apache.xerces.parsers.SAXParser: Property 'http://www.oracle.com/xml/jaxp/properties/entityExpansionLimit' is not recognized.
Warning:  org.apache.xerces.parsers.SAXParser: Property 'http://javax.xml.XMLConstants/property/accessExternalDTD' is not recognized.
Warning:  org.apache.xerces.parsers.SAXParser: Property 'http://www.oracle.com/xml/jaxp/properties/entityExpansionLimit' is not recognized.
Warning:  org.apache.xerces.parsers.SAXParser: Property 'http://javax.xml.XMLConstants/property/accessExternalDTD' is not recognized.
Warning:  org.apache.xerces.parsers.SAXParser: Property 'http://www.oracle.com/xml/jaxp/properties/entityExpansionLimit' is not recognized.
Warning:  org.apache.xerces.parsers.SAXParser: Property 'http://javax.xml.XMLConstants/property/accessExternalDTD' is not recognized.
Warning:  org.apache.xerces.parsers.SAXParser: Property 'http://www.oracle.com/xml/jaxp/properties/entityExpansionLimit' is not recognized.
Warning:  org.apache.xerces.parsers.SAXParser: Property 'http://javax.xml.XMLConstants/property/accessExternalDTD' is not recognized.
Warning:  org.apache.xerces.parsers.SAXParser: Property 'http://www.oracle.com/xml/jaxp/properties/entityExpansionLimit' is not recognized.
Warning:  org.apache.xerces.parsers.SAXParser: Property 'http://javax.xml.XMLConstants/property/accessExternalDTD' is not recognized.
Warning:  org.apache.xerces.parsers.SAXParser: Property 'http://www.oracle.com/xml/jaxp/properties/entityExpansionLimit' is not recognized.
Warning:  org.apache.xerces.parsers.SAXParser: Property 'http://javax.xml.XMLConstants/property/accessExternalDTD' is not recognized.
Warning:  org.apache.xerces.parsers.SAXParser: Property 'http://www.oracle.com/xml/jaxp/properties/entityExpansionLimit' is not recognized.
Warning:  org.apache.xerces.parsers.SAXParser: Property 'http://javax.xml.XMLConstants/property/accessExternalDTD' is not recognized.
Warning:  org.apache.xerces.parsers.SAXParser: Property 'http://www.oracle.com/xml/jaxp/properties/entityExpansionLimit' is not recognized.
Warning:  org.apache.xerces.parsers.SAXParser: Property 'http://javax.xml.XMLConstants/property/accessExternalDTD' is not recognized.
Warning:  org.apache.xerces.parsers.SAXParser: Property 'http://www.oracle.com/xml/jaxp/properties/entityExpansionLimit' is not recognized.
Warning:  org.apache.xerces.parsers.SAXParser: Property 'http://javax.xml.XMLConstants/property/accessExternalDTD' is not recognized.
Warning:  org.apache.xerces.parsers.SAXParser: Property 'http://www.oracle.com/xml/jaxp/properties/entityExpansionLimit' is not recognized.
Warning:  org.apache.xerces.parsers.SAXParser: Property 'http://javax.xml.XMLConstants/property/accessExternalDTD' is not recognized.
Warning:  org.apache.xerces.parsers.SAXParser: Property 'http://www.oracle.com/xml/jaxp/properties/entityExpansionLimit' is not recognized.

BUILD SUCCESSFUL

Total time: 11.641 secs

:processDataResources UP-TO-DATE
:text UP-TO-DATE
:generateAllophones UP-TO-DATE
:testGenerateAllophones

BUILD SUCCESSFUL

Total time: 0.418 secs

:help

Welcome to Gradle 2.9.

To run a build, run gradle <task> ...

To see a list of available tasks, run gradle tasks

To see a list of command-line options, run gradle --help

To see more detail about a task, run gradle help --task <task>

BUILD SUCCESSFUL

Total time: 0.313 secs

:generateSource
:compileJava
:compileGroovy UP-TO-DATE
:generateServiceLoader
:generateVoiceConfig
:processResources UP-TO-DATE
:classes
:testMaryJavaExec
awt.toolkit = sun.awt.X11.XToolkit
file.encoding = UTF-8
file.encoding.pkg = sun.io
file.separator = /
java.awt.graphicsenv = sun.awt.X11GraphicsEnvironment
java.awt.printerjob = sun.print.PSPrinterJob
java.class.path = /home/nataniel/saarland/ss2016/voice-template/buildSrc/data-plugin/build/testProject/build/classes/main:/home/nataniel/saarland/ss2016/voice-template/buildSrc/data-plugin/build/testProject/build/resources/main:/home/nataniel/saarland/ss2016/voice-template/buildSrc/build/.gradle/caches/modules-2/files-2.1/de.dfki.mary/marytts-runtime/5.2-beta2/bfc053b2fd869f2eccd8a1ddd00d7057c605a116/marytts-runtime-5.2-beta2.jar:/home/nataniel/saarland/ss2016/voice-template/buildSrc/build/.gradle/caches/modules-2/files-2.1/de.dfki.mary/marytts-common/5.2-beta2/6b0c7a1269defdd7a7cb6f412f9df335648e17a9/marytts-common-5.2-beta2.jar:/home/nataniel/saarland/ss2016/voice-template/buildSrc/build/.gradle/caches/modules-2/files-2.1/de.dfki.mary/marytts-signalproc/5.2-beta2/716a97641a94d8941781ae872dc1d3e7d7c32389/marytts-signalproc-5.2-beta2.jar:/home/nataniel/saarland/ss2016/voice-template/buildSrc/build/.gradle/caches/modules-2/files-2.1/com.ibm.icu/icu4j/54.1.1/ce374ac81e0937384ca9d43fa93f56c915029c44/icu4j-54.1.1.jar:/home/nataniel/saarland/ss2016/voice-template/buildSrc/build/.gradle/caches/modules-2/files-2.1/commons-lang/commons-lang/2.6/ce1edb914c94ebc388f086c6827e8bdeec71ac2/commons-lang-2.6.jar:/home/nataniel/saarland/ss2016/voice-template/buildSrc/build/.gradle/caches/modules-2/files-2.1/commons-collections/commons-collections/3.2.1/761ea405b9b37ced573d2df0d1e3a4e0f9edc668/commons-collections-3.2.1.jar:/home/nataniel/saarland/ss2016/voice-template/buildSrc/build/.gradle/caches/modules-2/files-2.1/de.dfki.mary/emotionml-checker-java/1.1/6f5fa37119440589a80385671aa62a942aa6fb2e/emotionml-checker-java-1.1.jar:/home/nataniel/saarland/ss2016/voice-template/buildSrc/build/.gradle/caches/modules-2/files-2.1/de.dfki.lt.jtok/jtok-core/1.9.3/c0ed7522ca500f94311fbec1a040210a49a30a43/jtok-core-1.9.3.jar:/home/nataniel/saarland/ss2016/voice-template/buildSrc/build/.gradle/caches/modules-2/files-2.1/com.google.guava/guava/14.0.1/69e12f4c6aeac392555f1ea86fab82b5e5e31ad4/guava-14.0.1.jar:/home/nataniel/saarland/ss2016/voice-template/buildSrc/build/.gradle/caches/modules-2/files-2.1/net.sf.trove4j/trove4j/2.0.2/42b1e10b3a8abb1c19b86fdf265ca5be8c166d11/trove4j-2.0.2.jar:/home/nataniel/saarland/ss2016/voice-template/buildSrc/build/.gradle/caches/modules-2/files-2.1/org.apache.httpcomponents/httpcore/4.1/33fc26c02f8043ab0ede19eadc8c9885386b255c/httpcore-4.1.jar:/home/nataniel/saarland/ss2016/voice-template/buildSrc/build/.gradle/caches/modules-2/files-2.1/org.apache.httpcomponents/httpcore-nio/4.1/9bc553a00ee6c28903498b073a1ff4aa3f22de17/httpcore-nio-4.1.jar:/home/nataniel/saarland/ss2016/voice-template/buildSrc/build/.gradle/caches/modules-2/files-2.1/org.apache.opennlp/opennlp-maxent/3.0.3/55e39e6b46e71f35229cdd6950e72d8cce3b5fd4/opennlp-maxent-3.0.3.jar:/home/nataniel/saarland/ss2016/voice-template/buildSrc/build/.gradle/caches/modules-2/files-2.1/org.apache.opennlp/opennlp-tools/1.5.3/826d34168b0e4870c9f599ed7f2b8fee4194ba3b/opennlp-tools-1.5.3.jar:/home/nataniel/saarland/ss2016/voice-template/buildSrc/build/.gradle/caches/modules-2/files-2.1/org.hsqldb/hsqldb/2.0.0/c9d525ce1a464185e6b01c7de872127a06092673/hsqldb-2.0.0.jar:/home/nataniel/saarland/ss2016/voice-template/buildSrc/build/.gradle/caches/modules-2/files-2.1/commons-io/commons-io/2.0.1/7ffdb02f95af1c1a208544e076cea5b8e66e731a/commons-io-2.0.1.jar:/home/nataniel/saarland/ss2016/voice-template/buildSrc/build/.gradle/caches/modules-2/files-2.1/log4j/log4j/1.2.16/7999a63bfccbc7c247a9aea10d83d4272bd492c6/log4j-1.2.16.jar:/home/nataniel/saarland/ss2016/voice-template/buildSrc/build/.gradle/caches/modules-2/files-2.1/com.twmacinta/fast-md5/2.7.1/3ff31f12a50c172a7c6a9da61813ebd46101e977/fast-md5-2.7.1.jar:/home/nataniel/saarland/ss2016/voice-template/buildSrc/build/.gradle/caches/modules-2/files-2.1/org.codehaus.groovy/groovy-all/2.4.4/b22748b6cf9a38c9777792175507a679043cdd64/groovy-all-2.4.4.jar:/home/nataniel/saarland/ss2016/voice-template/buildSrc/build/.gradle/caches/modules-2/files-2.1/gov.nist.math/Jampack/1.0/407441d94066e1d2529d51040762e23c41fd4879/Jampack-1.0.jar:/home/nataniel/saarland/ss2016/voice-template/buildSrc/build/.gradle/caches/modules-2/files-2.1/gov.nist.math/jama/1.0.3/8bcf5a314b76cadd68daa37eafe0a46d8909ab47/jama-1.0.3.jar:/home/nataniel/saarland/ss2016/voice-template/buildSrc/build/.gradle/caches/modules-2/files-2.1/org.swinglabs/swing-layout/1.0.3/7c0f5ee4ae72624d53bf5d42c6e0136e39d43dda/swing-layout-1.0.3.jar:/home/nataniel/saarland/ss2016/voice-template/buildSrc/build/.gradle/caches/modules-2/files-2.1/org.slf4j/slf4j-api/1.6.1/6f3b8a24bf970f17289b234284c94f43eb42f0e4/slf4j-api-1.6.1.jar:/home/nataniel/saarland/ss2016/voice-template/buildSrc/build/.gradle/caches/modules-2/files-2.1/org.slf4j/slf4j-log4j12/1.6.1/bd245d6746cdd4e6203e976e21d597a46f115802/slf4j-log4j12-1.6.1.jar:/home/nataniel/saarland/ss2016/voice-template/buildSrc/build/.gradle/caches/modules-2/files-2.1/net.sf.jwordnet/jwnl/1.3.3/7108e5b6a8875fe0488d942238575407c7ab8649/jwnl-1.3.3.jar
java.class.version = 51.0
java.endorsed.dirs = /usr/lib/jvm/java-7-openjdk-amd64/jre/lib/endorsed
java.ext.dirs = /usr/lib/jvm/java-7-openjdk-amd64/jre/lib/ext:/usr/java/packages/lib/ext
java.home = /usr/lib/jvm/java-7-openjdk-amd64/jre
java.io.tmpdir = /tmp
java.library.path = /usr/java/packages/lib/amd64:/usr/lib/x86_64-linux-gnu/jni:/lib/x86_64-linux-gnu:/usr/lib/x86_64-linux-gnu:/usr/lib/jni:/lib:/usr/lib
java.runtime.name = OpenJDK Runtime Environment
java.runtime.version = 1.7.0_95-b00
java.specification.name = Java Platform API Specification
java.specification.vendor = Oracle Corporation
java.specification.version = 1.7
java.vendor = Oracle Corporation
java.vendor.url = http://java.oracle.com/
java.vendor.url.bug = http://bugreport.sun.com/bugreport/
java.version = 1.7.0_95
java.vm.info = mixed mode
java.vm.name = OpenJDK 64-Bit Server VM
java.vm.specification.name = Java Virtual Machine Specification
java.vm.specification.vendor = Oracle Corporation
java.vm.specification.version = 1.7
java.vm.vendor = Oracle Corporation
java.vm.version = 24.95-b01
line.separator = 

os.arch = amd64
os.name = Linux
os.version = 4.2.0-35-generic
path.separator = :
sun.arch.data.model = 64
sun.boot.class.path = /usr/lib/jvm/java-7-openjdk-amd64/jre/lib/resources.jar:/usr/lib/jvm/java-7-openjdk-amd64/jre/lib/rt.jar:/usr/lib/jvm/java-7-openjdk-amd64/jre/lib/sunrsasign.jar:/usr/lib/jvm/java-7-openjdk-amd64/jre/lib/jsse.jar:/usr/lib/jvm/java-7-openjdk-amd64/jre/lib/jce.jar:/usr/lib/jvm/java-7-openjdk-amd64/jre/lib/charsets.jar:/usr/lib/jvm/java-7-openjdk-amd64/jre/lib/rhino.jar:/usr/lib/jvm/java-7-openjdk-amd64/jre/lib/jfr.jar:/usr/lib/jvm/java-7-openjdk-amd64/jre/classes
sun.boot.library.path = /usr/lib/jvm/java-7-openjdk-amd64/jre/lib/amd64
sun.cpu.endian = little
sun.cpu.isalist = 
sun.desktop = gnome
sun.io.unicode.encoding = UnicodeLittle
sun.java.command = marytts.util.PrintSystemProperties
sun.java.launcher = SUN_STANDARD
sun.jnu.encoding = UTF-8
sun.management.compiler = HotSpot 64-Bit Tiered Compilers
sun.os.patch.level = unknown
user.country = DE
user.dir = /home/nataniel/saarland/ss2016/voice-template/buildSrc/data-plugin/build/testProject
user.home = /home/nataniel
user.language = de
user.name = nataniel
user.timezone = 
user.variant = 

BUILD SUCCESSFUL

Total time: 1.453 secs

:processDataResources UP-TO-DATE
:wav
:praatPitchmarker
time0021   f0 range: 100 - 473 Hz (4%)
time0015   f0 range: 101 - 159 Hz (8%)
time0014   f0 range: 101 - 169 Hz (12%)
time0009   f0 range: 100 - 455 Hz (16%)
time0022   f0 range: 100 - 160 Hz (20%)
time0007   f0 range: 101 - 174 Hz (25%)
time0008   f0 range: 100 - 412 Hz (29%)
time0006   f0 range: 100 - 160 Hz (33%)
time0013   f0 range: 100 - 155 Hz (37%)
time0017   f0 range: 101 - 162 Hz (41%)
time0023   f0 range: 100 - 398 Hz (45%)
time0020   f0 range: 100 - 158 Hz (50%)
time0002   f0 range: 101 - 162 Hz (54%)
time0010   f0 range: 101 - 159 Hz (58%)
time0004   f0 range: 100 - 449 Hz (62%)
time0011   f0 range: 100 - 236 Hz (66%)
time0019   f0 range: 101 - 250 Hz (70%)
time0018   f0 range: 107 - 172 Hz (75%)
time0024   f0 range: 100 - 164 Hz (79%)
time0005   f0 range: 100 - 353 Hz (83%)
time0001   f0 range: 100 - 167 Hz (87%)
time0012   f0 range: 100 - 158 Hz (91%)
time0003   f0 range: 100 - 453 Hz (95%)
time0016   f0 range: 100 - 480 Hz (100%)

BUILD SUCCESSFUL

Total time: 4.988 secs

:processDataResources UP-TO-DATE
:wav UP-TO-DATE
:praatPitchmarker UP-TO-DATE
:testPraatPitchmarker

BUILD SUCCESSFUL

Total time: 0.311 secs

:testSourceSets

BUILD SUCCESSFUL

Total time: 0.302 secs

:testDependencies

BUILD SUCCESSFUL

Total time: 0.256 secs

:processDataResources UP-TO-DATE
:text UP-TO-DATE
:generateAllophones UP-TO-DATE
:generateHalfPhoneFeatures

BUILD SUCCESSFUL

Total time: 1.227 secs

:processDataResources UP-TO-DATE
:text UP-TO-DATE
:generateAllophones UP-TO-DATE
:generateHalfPhoneFeatures UP-TO-DATE
:testGenerateHalfPhoneFeatures

BUILD SUCCESSFUL

Total time: 0.328 secs

:processDataResources UP-TO-DATE
:text UP-TO-DATE
:generateAllophones UP-TO-DATE
:generatePhoneFeatures

BUILD SUCCESSFUL

Total time: 0.65 secs

:processDataResources UP-TO-DATE
:text UP-TO-DATE
:generateAllophones UP-TO-DATE
:generatePhoneFeatures UP-TO-DATE
:testGeneratePhoneFeatures

BUILD SUCCESSFUL

Total time: 0.252 secs

:processDataResources UP-TO-DATE
:wav UP-TO-DATE
:praatPitchmarker UP-TO-DATE
:mcepMaker

BUILD SUCCESSFUL

Total time: 2.097 secs

:processDataResources UP-TO-DATE
:wav UP-TO-DATE
:praatPitchmarker UP-TO-DATE
:mcepMaker UP-TO-DATE
:testMcepMaker

BUILD SUCCESSFUL

Total time: 0.257 secs

]]></system-out>
  <system-err><![CDATA[SLF4J: Class path contains multiple SLF4J bindings.
SLF4J: Found binding in [jar:file:/home/nataniel/.gradle/wrapper/dists/gradle-2.9-bin/ebaspjjvvkuki3ldbldx7hexd/gradle-2.9/lib/gradle-core-2.9.jar!/org/slf4j/impl/StaticLoggerBinder.class]
SLF4J: Found binding in [jar:file:/home/nataniel/.gradle/caches/modules-2/files-2.1/org.slf4j/slf4j-log4j12/1.6.1/bd245d6746cdd4e6203e976e21d597a46f115802/slf4j-log4j12-1.6.1.jar!/org/slf4j/impl/StaticLoggerBinder.class]
SLF4J: See http://www.slf4j.org/codes.html#multiple_bindings for an explanation.
SLF4J: Actual binding is of type [org.gradle.logging.internal.slf4j.OutputEventListenerBackedLoggerContext]
]]></system-err>
</testsuite>
