<?xml version="1.0" encoding="UTF-8"?>
<testsuite name="de.dfki.mary.voicebuilding.VoiceLicenseExtensionTest" tests="3" skipped="0" failures="0" errors="0" timestamp="2016-04-14T15:56:32" hostname="nataniel-notebook" time="0.003">
  <properties/>
  <testcase name="testName" classname="de.dfki.mary.voicebuilding.VoiceLicenseExtensionTest" time="0.001"/>
  <testcase name="testShortName" classname="de.dfki.mary.voicebuilding.VoiceLicenseExtensionTest" time="0.0"/>
  <testcase name="testUrl" classname="de.dfki.mary.voicebuilding.VoiceLicenseExtensionTest" time="0.0"/>
  <system-out><![CDATA[]]></system-out>
  <system-err><![CDATA[]]></system-err>
</testsuite>
