<?xml version="1.0" encoding="UTF-8"?>
<testsuite name="de.dfki.mary.voicebuilding.BuildLogicFunctionalTest" tests="7" skipped="0" failures="0" errors="0" timestamp="2016-04-14T15:57:32" hostname="nataniel-notebook" time="12.841">
  <properties/>
  <testcase name="testHelp" classname="de.dfki.mary.voicebuilding.BuildLogicFunctionalTest" time="7.78"/>
  <testcase name="testProcessDataResources" classname="de.dfki.mary.voicebuilding.BuildLogicFunctionalTest" time="2.129"/>
  <testcase name="testPlugins" classname="de.dfki.mary.voicebuilding.BuildLogicFunctionalTest" time="0.338"/>
  <testcase name="testDependencies" classname="de.dfki.mary.voicebuilding.BuildLogicFunctionalTest" time="0.337"/>
  <testcase name="testLab" classname="de.dfki.mary.voicebuilding.BuildLogicFunctionalTest" time="0.781"/>
  <testcase name="testText" classname="de.dfki.mary.voicebuilding.BuildLogicFunctionalTest" time="0.659"/>
  <testcase name="testWav" classname="de.dfki.mary.voicebuilding.BuildLogicFunctionalTest" time="0.803"/>
  <system-out><![CDATA[:help

Welcome to Gradle 2.9.

To run a build, run gradle <task> ...

To see a list of available tasks, run gradle tasks

To see a list of command-line options, run gradle --help

To see more detail about a task, run gradle help --task <task>

BUILD SUCCESSFUL

Total time: 7.316 secs

:processDataResources UP-TO-DATE
:testProcessDataResources

BUILD SUCCESSFUL

Total time: 1.712 secs

:processDataResources UP-TO-DATE
:testProcessDataResources

BUILD SUCCESSFUL

Total time: 0.347 secs

:testPlugins

BUILD SUCCESSFUL

Total time: 0.308 secs

:testDataDependencies

BUILD SUCCESSFUL

Total time: 0.309 secs

:processDataResources UP-TO-DATE
:lab

BUILD SUCCESSFUL

Total time: 0.421 secs

:processDataResources UP-TO-DATE
:lab UP-TO-DATE
:testLab

BUILD SUCCESSFUL

Total time: 0.302 secs

:processDataResources UP-TO-DATE
:text

BUILD SUCCESSFUL

Total time: 0.325 secs

:processDataResources UP-TO-DATE
:text UP-TO-DATE
:testText

BUILD SUCCESSFUL

Total time: 0.277 secs

:processDataResources UP-TO-DATE
:wav

BUILD SUCCESSFUL

Total time: 0.449 secs

:processDataResources UP-TO-DATE
:wav UP-TO-DATE
:testWav

BUILD SUCCESSFUL

Total time: 0.296 secs

]]></system-out>
  <system-err><![CDATA[SLF4J: Class path contains multiple SLF4J bindings.
SLF4J: Found binding in [jar:file:/home/nataniel/.gradle/wrapper/dists/gradle-2.9-bin/ebaspjjvvkuki3ldbldx7hexd/gradle-2.9/lib/gradle-core-2.9.jar!/org/slf4j/impl/StaticLoggerBinder.class]
SLF4J: Found binding in [jar:file:/home/nataniel/.gradle/caches/modules-2/files-2.1/org.slf4j/slf4j-log4j12/1.6.1/bd245d6746cdd4e6203e976e21d597a46f115802/slf4j-log4j12-1.6.1.jar!/org/slf4j/impl/StaticLoggerBinder.class]
SLF4J: See http://www.slf4j.org/codes.html#multiple_bindings for an explanation.
SLF4J: Actual binding is of type [org.gradle.logging.internal.slf4j.OutputEventListenerBackedLoggerContext]
]]></system-err>
</testsuite>
